Determining if the pthread_create exist failed with the following output:
Change Dir: /u/samar/Documents/git/GSE/cmake-build-debug/CMakeFiles/CMakeTmp

Run Build Command:"/usr/bin/gmake" "cmTC_a9379/fast"
/usr/bin/gmake -f CMakeFiles/cmTC_a9379.dir/build.make CMakeFiles/cmTC_a9379.dir/build
gmake[1]: Entering directory `/u/samar/Documents/git/GSE/cmake-build-debug/CMakeFiles/CMakeTmp'
Building CXX object CMakeFiles/cmTC_a9379.dir/CheckSymbolExists.cxx.o
/v/apps/intel/composer_xe_2016_update3/compilers_and_libraries_2016.3.210/linux/bin/intel64/icpc     -o CMakeFiles/cmTC_a9379.dir/CheckSymbolExists.cxx.o -c /u/samar/Documents/git/GSE/cmake-build-debug/CMakeFiles/CMakeTmp/CheckSymbolExists.cxx
Linking CXX executable cmTC_a9379
/v/apps/anaconda/4.2.0-py3.5/bin/cmake -E cmake_link_script CMakeFiles/cmTC_a9379.dir/link.txt --verbose=1
/v/apps/intel/composer_xe_2016_update3/compilers_and_libraries_2016.3.210/linux/bin/intel64/icpc       CMakeFiles/cmTC_a9379.dir/CheckSymbolExists.cxx.o  -o cmTC_a9379 
CMakeFiles/cmTC_a9379.dir/CheckSymbolExists.cxx.o: In function `main':
CheckSymbolExists.cxx:(.text+0x23): undefined reference to `pthread_create'
gmake[1]: *** [cmTC_a9379] Error 1
gmake[1]: Leaving directory `/u/samar/Documents/git/GSE/cmake-build-debug/CMakeFiles/CMakeTmp'
gmake: *** [cmTC_a9379/fast] Error 2

File /u/samar/Documents/git/GSE/cmake-build-debug/CMakeFiles/CMakeTmp/CheckSymbolExists.cxx:
/* */
#include <pthread.h>

int main(int argc, char** argv)
{
  (void)argv;
#ifndef pthread_create
  return ((int*)(&pthread_create))[argc];
#else
  (void)argc;
  return 0;
#endif
}

Determining if the function pthread_create exists in the pthreads failed with the following output:
Change Dir: /u/samar/Documents/git/GSE/cmake-build-debug/CMakeFiles/CMakeTmp

Run Build Command:"/usr/bin/gmake" "cmTC_0fad3/fast"
/usr/bin/gmake -f CMakeFiles/cmTC_0fad3.dir/build.make CMakeFiles/cmTC_0fad3.dir/build
gmake[1]: Entering directory `/u/samar/Documents/git/GSE/cmake-build-debug/CMakeFiles/CMakeTmp'
Building CXX object CMakeFiles/cmTC_0fad3.dir/CheckFunctionExists.cxx.o
/v/apps/intel/composer_xe_2016_update3/compilers_and_libraries_2016.3.210/linux/bin/intel64/icpc    -DCHECK_FUNCTION_EXISTS=pthread_create   -o CMakeFiles/cmTC_0fad3.dir/CheckFunctionExists.cxx.o -c /u/samar/Documents/git/GSE/cmake-build-debug/CMakeFiles/CheckLibraryExists/CheckFunctionExists.cxx
Linking CXX executable cmTC_0fad3
/v/apps/anaconda/4.2.0-py3.5/bin/cmake -E cmake_link_script CMakeFiles/cmTC_0fad3.dir/link.txt --verbose=1
/v/apps/intel/composer_xe_2016_update3/compilers_and_libraries_2016.3.210/linux/bin/intel64/icpc   -DCHECK_FUNCTION_EXISTS=pthread_create    CMakeFiles/cmTC_0fad3.dir/CheckFunctionExists.cxx.o  -o cmTC_0fad3 -lpthreads 
ld: cannot find -lpthreads
gmake[1]: *** [cmTC_0fad3] Error 1
gmake[1]: Leaving directory `/u/samar/Documents/git/GSE/cmake-build-debug/CMakeFiles/CMakeTmp'
gmake: *** [cmTC_0fad3/fast] Error 2


